warning: re-init: ignored --initial-branch=main
Reinitialized existing Git repository in /var/www/vhosts/snapdiscounts.nl/ai-trader/.git/
[main 66342d7] Add runbooks, schemas, and foundation templates for AI-Trader (no secrets)
 15 files changed, 25 insertions(+), 39 deletions(-)
 delete mode 100644 README.md
 delete mode 100644 docs/RUNBOOKS/step01_buildplan.md
 delete mode 100644 docs/RUNBOOKS/step02_buildplan.md
 delete mode 100644 docs/RUNBOOKS/step03_buildplan.md
 delete mode 100644 docs/RUNBOOKS/step04_buildplan.md
 delete mode 100644 docs/RUNBOOKS/step05_buildplan.md
 delete mode 100644 docs/RUNBOOKS/step06_buildplan.md
 delete mode 100644 docs/RUNBOOKS/step07_buildplan.md
 delete mode 100644 docs/RUNBOOKS/step08_buildplan.md
 delete mode 100644 docs/RUNBOOKS/step09_buildplan.md
 delete mode 100644 docs/RUNBOOKS/step10_buildplan.md
 delete mode 100644 docs/RUNBOOKS/step11_buildplan.md
 delete mode 100644 docs/RUNBOOKS/step12_buildplan.md
  adding: ai-trader/ (stored 0%)
  adding: ai-trader/.git/ (stored 0%)
  adding: ai-trader/.git/config (deflated 36%)
  adding: ai-trader/.git/info/ (stored 0%)
  adding: ai-trader/.git/info/exclude (deflated 28%)
  adding: ai-trader/.git/refs/ (stored 0%)
  adding: ai-trader/.git/refs/remotes/ (stored 0%)
  adding: ai-trader/.git/refs/remotes/origin/ (stored 0%)
  adding: ai-trader/.git/refs/remotes/origin/main (stored 0%)
  adding: ai-trader/.git/refs/tags/ (stored 0%)
  adding: ai-trader/.git/refs/heads/ (stored 0%)
  adding: ai-trader/.git/refs/heads/main (stored 0%)
  adding: ai-trader/.git/index (deflated 40%)
  adding: ai-trader/.git/logs/ (stored 0%)
  adding: ai-trader/.git/logs/refs/ (stored 0%)
  adding: ai-trader/.git/logs/refs/remotes/ (stored 0%)
  adding: ai-trader/.git/logs/refs/remotes/origin/ (stored 0%)
  adding: ai-trader/.git/logs/refs/remotes/origin/main (deflated 29%)
  adding: ai-trader/.git/logs/refs/heads/ (stored 0%)
  adding: ai-trader/.git/logs/refs/heads/main (deflated 75%)
  adding: ai-trader/.git/logs/HEAD (deflated 82%)
  adding: ai-trader/.git/COMMIT_EDITMSG (deflated 5%)
  adding: ai-trader/.git/hooks/ (stored 0%)
  adding: ai-trader/.git/hooks/pre-push.sample (deflated 49%)
  adding: ai-trader/.git/hooks/push-to-checkout.sample (deflated 55%)
  adding: ai-trader/.git/hooks/fsmonitor-watchman.sample (deflated 62%)
  adding: ai-trader/.git/hooks/post-update.sample (deflated 27%)
  adding: ai-trader/.git/hooks/applypatch-msg.sample (deflated 42%)
  adding: ai-trader/.git/hooks/commit-msg.sample (deflated 44%)
  adding: ai-trader/.git/hooks/pre-receive.sample (deflated 40%)
  adding: ai-trader/.git/hooks/update.sample (deflated 68%)
  adding: ai-trader/.git/hooks/pre-commit.sample (deflated 45%)
  adding: ai-trader/.git/hooks/sendemail-validate.sample (deflated 58%)
  adding: ai-trader/.git/hooks/pre-rebase.sample (deflated 59%)
  adding: ai-trader/.git/hooks/prepare-commit-msg.sample (deflated 50%)
  adding: ai-trader/.git/hooks/pre-applypatch.sample (deflated 38%)
  adding: ai-trader/.git/hooks/pre-merge-commit.sample (deflated 39%)
  adding: ai-trader/.git/branches/ (stored 0%)
  adding: ai-trader/.git/objects/ (stored 0%)
  adding: ai-trader/.git/objects/b7/ (stored 0%)
  adding: ai-trader/.git/objects/b7/d0ab5a70b8d934efd8b100ad19238530b727a9 (stored 0%)
  adding: ai-trader/.git/objects/b7/2a39f452b17555a1f6b08a670dd165a4e86e9c (stored 0%)
  adding: ai-trader/.git/objects/62/ (stored 0%)
  adding: ai-trader/.git/objects/62/b69e3875821a182ec18094550da94ff221a676 (stored 0%)
  adding: ai-trader/.git/objects/62/1aea4a3e134beef5965da3b104fac06d0a2109 (stored 0%)
  adding: ai-trader/.git/objects/f5/ (stored 0%)
  adding: ai-trader/.git/objects/f5/89441a715d494afe761f4e784d50c45bb13980 (stored 0%)
  adding: ai-trader/.git/objects/69/ (stored 0%)
  adding: ai-trader/.git/objects/69/135c0c2f8b290e60fe80dc2c8e84f0521c268a (stored 0%)
  adding: ai-trader/.git/objects/a8/ (stored 0%)
  adding: ai-trader/.git/objects/a8/b63251cf50abb71d62909a535645683477a67f (stored 0%)
  adding: ai-trader/.git/objects/info/ (stored 0%)
  adding: ai-trader/.git/objects/e6/ (stored 0%)
  adding: ai-trader/.git/objects/e6/9de29bb2d1d6434b8b29ae775ad8c2e48c5391 (stored 0%)
  adding: ai-trader/.git/objects/29/ (stored 0%)
  adding: ai-trader/.git/objects/29/a422c19251aeaeb907175e9b3219a9bed6c616 (stored 0%)
  adding: ai-trader/.git/objects/43/ (stored 0%)
  adding: ai-trader/.git/objects/43/713dc28b73f846876ea70ce24d8273b58255c0 (stored 0%)
  adding: ai-trader/.git/objects/0d/ (stored 0%)
  adding: ai-trader/.git/objects/0d/aa6e9cba0cab34cab1a479c3535f4fe2baf749 (stored 0%)
  adding: ai-trader/.git/objects/ee/ (stored 0%)
  adding: ai-trader/.git/objects/ee/0907c9f0be731969c9439f11e88123805b49d0 (stored 0%)
  adding: ai-trader/.git/objects/bd/ (stored 0%)
  adding: ai-trader/.git/objects/bd/fa8de60ce22c917f9e7a500fe61ee239e023b1 (stored 0%)
  adding: ai-trader/.git/objects/89/ (stored 0%)
  adding: ai-trader/.git/objects/89/02db6562fb9cbb43ca5435d527234c7465da83 (stored 0%)
  adding: ai-trader/.git/objects/13/ (stored 0%)
  adding: ai-trader/.git/objects/13/1767468bbbc04ece80f572bc3d2907bb3e48e6 (stored 0%)
  adding: ai-trader/.git/objects/4b/ (stored 0%)
  adding: ai-trader/.git/objects/4b/825dc642cb6eb9a060e54bf8d69288fbee4904 (stored 0%)
  adding: ai-trader/.git/objects/f7/ (stored 0%)
  adding: ai-trader/.git/objects/f7/1b561e15dbba8b188489879ad167ca0ff25c5f (stored 0%)
  adding: ai-trader/.git/objects/8b/ (stored 0%)
  adding: ai-trader/.git/objects/8b/df4c444ac0bf68c24694597ebbf423da7a1efc (stored 0%)
  adding: ai-trader/.git/objects/76/ (stored 0%)
  adding: ai-trader/.git/objects/76/2142d3d0e063250080493fb667dd893790f952 (stored 0%)
  adding: ai-trader/.git/objects/1c/ (stored 0%)
  adding: ai-trader/.git/objects/1c/e60295554c80b0d6b466501e4e8b10d715fe04 (stored 0%)
  adding: ai-trader/.git/objects/pack/ (stored 0%)
  adding: ai-trader/.git/objects/08/ (stored 0%)
  adding: ai-trader/.git/objects/08/eaa1c4aadd5f41e1da34c57175cee8aabb3af3 (stored 0%)
  adding: ai-trader/.git/objects/aa/ (stored 0%)
  adding: ai-trader/.git/objects/aa/bfab354e412386d2b03d96caba25001ad08f5a (stored 0%)
  adding: ai-trader/.git/objects/d5/ (stored 0%)
  adding: ai-trader/.git/objects/d5/aac5058a34afe6755ee4956749f3697c492e33 (stored 0%)
  adding: ai-trader/.git/objects/da/ (stored 0%)
  adding: ai-trader/.git/objects/da/1bb6f635df54116ad7bf55bda2612bd2accebf (stored 0%)
  adding: ai-trader/.git/objects/5f/ (stored 0%)
  adding: ai-trader/.git/objects/5f/9695013d45ee5752a5d8e5521ecde2aba0376c (stored 0%)
  adding: ai-trader/.git/objects/3d/ (stored 0%)
  adding: ai-trader/.git/objects/3d/48b12ee4ea05b9adca727020093e9b42529053 (stored 0%)
  adding: ai-trader/.git/objects/2b/ (stored 0%)
  adding: ai-trader/.git/objects/2b/7aad141a9c8a01e5844aaad51cdc8d079b325f (stored 0%)
  adding: ai-trader/.git/objects/84/ (stored 0%)
  adding: ai-trader/.git/objects/84/20a9da2c14418a68208994bdb9dc70d7cd688b (stored 0%)
  adding: ai-trader/.git/objects/01/ (stored 0%)
  adding: ai-trader/.git/objects/01/ce9390789f86206e2174ec242820b632e8b36d (stored 0%)
  adding: ai-trader/.git/objects/8d/ (stored 0%)
  adding: ai-trader/.git/objects/8d/8f8c8ee89cc2404bb974fbd8c4d91e34710275 (stored 0%)
  adding: ai-trader/.git/objects/5c/ (stored 0%)
  adding: ai-trader/.git/objects/5c/07cea388f6bda8c61a35c3ed024061b442f5d0 (stored 0%)
  adding: ai-trader/.git/objects/d1/ (stored 0%)
  adding: ai-trader/.git/objects/d1/49ba57e2444cc07d3bd86bb04d469c3abac95f (stored 0%)
  adding: ai-trader/.git/objects/fd/ (stored 0%)
  adding: ai-trader/.git/objects/fd/5b685e20bc2e376ba3628359f6460c005ffd98 (stored 0%)
  adding: ai-trader/.git/objects/00/ (stored 0%)
  adding: ai-trader/.git/objects/00/5f50602a64f8dff7defece62431419a4c3aa3c (stored 0%)
  adding: ai-trader/.git/objects/c4/ (stored 0%)
  adding: ai-trader/.git/objects/c4/be51b09caecf5c6dff0b59b464601adba58cc1 (stored 0%)
  adding: ai-trader/.git/objects/19/ (stored 0%)
  adding: ai-trader/.git/objects/19/6e76a5c36223b19ca81317c116780c1f2e25a3 (stored 0%)
  adding: ai-trader/.git/objects/66/ (stored 0%)
  adding: ai-trader/.git/objects/66/342d70ab7fd3a23e22c9922cf720af302499c6 (stored 0%)
  adding: ai-trader/.git/objects/66/dd48699bf0747de126175896c407a00f674d8a (stored 0%)
  adding: ai-trader/.git/HEAD (stored 0%)
  adding: ai-trader/.git/description (deflated 14%)
  adding: ai-trader/docs/ (stored 0%)
  adding: ai-trader/docs/RUNBOOKS/ (stored 0%)
  adding: ai-trader/docs/RUNBOOKS/.keep (stored 0%)
  adding: ai-trader/docs/RUNBOOKS/step00_foundation_buildplan.md (deflated 52%)
  adding: ai-trader/ai-trader-setup.sh (deflated 65%)
  adding: ai-trader/logs/ (stored 0%)
  adding: ai-trader/logs/.keep (stored 0%)
  adding: ai-trader/out/ (stored 0%)
  adding: ai-trader/out/.keep (stored 0%)
  adding: ai-trader/services/ (stored 0%)
  adding: ai-trader/services/.keep (stored 0%)
  adding: ai-trader/setup.log
	zip warning:  file size changed while zipping ai-trader/setup.log
 (deflated 78%)
  adding: ai-trader/data/ (stored 0%)
  adding: ai-trader/data/parquet/ (stored 0%)
  adding: ai-trader/data/parquet/.keep (stored 0%)
  adding: ai-trader/.env.sample (deflated 45%)
  adding: ai-trader/common/ (stored 0%)
  adding: ai-trader/common/config.yaml (deflated 52%)
  adding: ai-trader/common/schemas/ (stored 0%)
  adding: ai-trader/common/schemas/db.sql (deflated 69%)
  adding: ai-trader/common/schemas/events.json (deflated 82%)
Repository created in ~/ai-trader and ai-trader.zip created in /var/www/vhosts/snapdiscounts.nl
